This is pdfTeX, Version 3.1415926-2.4-1.40.13 (TeX Live 2012) (format=pdflatex 2014.2.13)  14 JUN 2014 23:02
entering extended mode
 \write18 enabled.
 %&-line parsing enabled.
**\input CompteRendu.tex
(./CompteRendu.tex
\@input{styles.aux}
\openout2 = `styles.aux'.

(./styles.tex (/usr/share/texmf-dist/tex/latex/base/article.cls
Document Class: article 2007/10/19 v1.4h Standard LaTeX document class
(/usr/share/texmf-dist/tex/latex/base/size12.clo
File: size12.clo 2007/10/19 v1.4h Standard LaTeX file (size option)
)
\c@part=\count79
\c@section=\count80
\c@subsection=\count81
\c@subsubsection=\count82
\c@paragraph=\count83
\c@subparagraph=\count84
\c@figure=\count85
\c@table=\count86
\abovecaptionskip=\skip41
\belowcaptionskip=\skip42
\bibindent=\dimen102
)
(/usr/share/texmf-dist/tex/latex/base/inputenc.sty
Package: inputenc 2008/03/30 v1.1d Input encoding file
\inpenc@prehook=\toks14
\inpenc@posthook=\toks15

(/usr/share/texmf-dist/tex/latex/base/utf8.def
File: utf8.def 2008/04/05 v1.1m UTF-8 support for inputenc
Now handling font encoding OML ...
... no UTF-8 mapping file for font encoding OML
Now handling font encoding T1 ...
... processing UTF-8 mapping file for font encoding T1

(/usr/share/texmf-dist/tex/latex/base/t1enc.dfu
File: t1enc.dfu 2008/04/05 v1.1m UTF-8 support for inputenc
   defining Unicode char U+00A1 (decimal 161)
   defining Unicode char U+00A3 (decimal 163)
   defining Unicode char U+00AB (decimal 171)
   defining Unicode char U+00BB (decimal 187)
   defining Unicode char U+00BF (decimal 191)
   defining Unicode char U+00C0 (decimal 192)
   defining Unicode char U+00C1 (decimal 193)
   defining Unicode char U+00C2 (decimal 194)
   defining Unicode char U+00C3 (decimal 195)
   defining Unicode char U+00C4 (decimal 196)
   defining Unicode char U+00C5 (decimal 197)
   defining Unicode char U+00C6 (decimal 198)
   defining Unicode char U+00C7 (decimal 199)
   defining Unicode char U+00C8 (decimal 200)
   defining Unicode char U+00C9 (decimal 201)
   defining Unicode char U+00CA (decimal 202)
   defining Unicode char U+00CB (decimal 203)
   defining Unicode char U+00CC (decimal 204)
   defining Unicode char U+00CD (decimal 205)
   defining Unicode char U+00CE (decimal 206)
   defining Unicode char U+00CF (decimal 207)
   defining Unicode char U+00D0 (decimal 208)
   defining Unicode char U+00D1 (decimal 209)
   defining Unicode char U+00D2 (decimal 210)
   defining Unicode char U+00D3 (decimal 211)
   defining Unicode char U+00D4 (decimal 212)
   defining Unicode char U+00D5 (decimal 213)
   defining Unicode char U+00D6 (decimal 214)
   defining Unicode char U+00D8 (decimal 216)
   defining Unicode char U+00D9 (decimal 217)
   defining Unicode char U+00DA (decimal 218)
   defining Unicode char U+00DB (decimal 219)
   defining Unicode char U+00DC (decimal 220)
   defining Unicode char U+00DD (decimal 221)
   defining Unicode char U+00DE (decimal 222)
   defining Unicode char U+00DF (decimal 223)
   defining Unicode char U+00E0 (decimal 224)
   defining Unicode char U+00E1 (decimal 225)
   defining Unicode char U+00E2 (decimal 226)
   defining Unicode char U+00E3 (decimal 227)
   defining Unicode char U+00E4 (decimal 228)
   defining Unicode char U+00E5 (decimal 229)
   defining Unicode char U+00E6 (decimal 230)
   defining Unicode char U+00E7 (decimal 231)
   defining Unicode char U+00E8 (decimal 232)
   defining Unicode char U+00E9 (decimal 233)
   defining Unicode char U+00EA (decimal 234)
   defining Unicode char U+00EB (decimal 235)
   defining Unicode char U+00EC (decimal 236)
   defining Unicode char U+00ED (decimal 237)
   defining Unicode char U+00EE (decimal 238)
   defining Unicode char U+00EF (decimal 239)
   defining Unicode char U+00F0 (decimal 240)
   defining Unicode char U+00F1 (decimal 241)
   defining Unicode char U+00F2 (decimal 242)
   defining Unicode char U+00F3 (decimal 243)
   defining Unicode char U+00F4 (decimal 244)
   defining Unicode char U+00F5 (decimal 245)
   defining Unicode char U+00F6 (decimal 246)
   defining Unicode char U+00F8 (decimal 248)
   defining Unicode char U+00F9 (decimal 249)
   defining Unicode char U+00FA (decimal 250)
   defining Unicode char U+00FB (decimal 251)
   defining Unicode char U+00FC (decimal 252)
   defining Unicode char U+00FD (decimal 253)
   defining Unicode char U+00FE (decimal 254)
   defining Unicode char U+00FF (decimal 255)
   defining Unicode char U+0102 (decimal 258)
   defining Unicode char U+0103 (decimal 259)
   defining Unicode char U+0104 (decimal 260)
   defining Unicode char U+0105 (decimal 261)
   defining Unicode char U+0106 (decimal 262)
   defining Unicode char U+0107 (decimal 263)
   defining Unicode char U+010C (decimal 268)
   defining Unicode char U+010D (decimal 269)
   defining Unicode char U+010E (decimal 270)
   defining Unicode char U+010F (decimal 271)
   defining Unicode char U+0110 (decimal 272)
   defining Unicode char U+0111 (decimal 273)
   defining Unicode char U+0118 (decimal 280)
   defining Unicode char U+0119 (decimal 281)
   defining Unicode char U+011A (decimal 282)
   defining Unicode char U+011B (decimal 283)
   defining Unicode char U+011E (decimal 286)
   defining Unicode char U+011F (decimal 287)
   defining Unicode char U+0130 (decimal 304)
   defining Unicode char U+0131 (decimal 305)
   defining Unicode char U+0132 (decimal 306)
   defining Unicode char U+0133 (decimal 307)
   defining Unicode char U+0139 (decimal 313)
   defining Unicode char U+013A (decimal 314)
   defining Unicode char U+013D (decimal 317)
   defining Unicode char U+013E (decimal 318)
   defining Unicode char U+0141 (decimal 321)
   defining Unicode char U+0142 (decimal 322)
   defining Unicode char U+0143 (decimal 323)
   defining Unicode char U+0144 (decimal 324)
   defining Unicode char U+0147 (decimal 327)
   defining Unicode char U+0148 (decimal 328)
   defining Unicode char U+014A (decimal 330)
   defining Unicode char U+014B (decimal 331)
   defining Unicode char U+0150 (decimal 336)
   defining Unicode char U+0151 (decimal 337)
   defining Unicode char U+0152 (decimal 338)
   defining Unicode char U+0153 (decimal 339)
   defining Unicode char U+0154 (decimal 340)
   defining Unicode char U+0155 (decimal 341)
   defining Unicode char U+0158 (decimal 344)
   defining Unicode char U+0159 (decimal 345)
   defining Unicode char U+015A (decimal 346)
   defining Unicode char U+015B (decimal 347)
   defining Unicode char U+015E (decimal 350)
   defining Unicode char U+015F (decimal 351)
   defining Unicode char U+0160 (decimal 352)
   defining Unicode char U+0161 (decimal 353)
   defining Unicode char U+0162 (decimal 354)
   defining Unicode char U+0163 (decimal 355)
   defining Unicode char U+0164 (decimal 356)
   defining Unicode char U+0165 (decimal 357)
   defining Unicode char U+016E (decimal 366)
   defining Unicode char U+016F (decimal 367)
   defining Unicode char U+0170 (decimal 368)
   defining Unicode char U+0171 (decimal 369)
   defining Unicode char U+0178 (decimal 376)
   defining Unicode char U+0179 (decimal 377)
   defining Unicode char U+017A (decimal 378)
   defining Unicode char U+017B (decimal 379)
   defining Unicode char U+017C (decimal 380)
   defining Unicode char U+017D (decimal 381)
   defining Unicode char U+017E (decimal 382)
   defining Unicode char U+200C (decimal 8204)
   defining Unicode char U+2013 (decimal 8211)
   defining Unicode char U+2014 (decimal 8212)
   defining Unicode char U+2018 (decimal 8216)
   defining Unicode char U+2019 (decimal 8217)
   defining Unicode char U+201A (decimal 8218)
   defining Unicode char U+201C (decimal 8220)
   defining Unicode char U+201D (decimal 8221)
   defining Unicode char U+201E (decimal 8222)
   defining Unicode char U+2030 (decimal 8240)
   defining Unicode char U+2031 (decimal 8241)
   defining Unicode char U+2039 (decimal 8249)
   defining Unicode char U+203A (decimal 8250)
   defining Unicode char U+2423 (decimal 9251)
)
Now handling font encoding OT1 ...
... processing UTF-8 mapping file for font encoding OT1

(/usr/share/texmf-dist/tex/latex/base/ot1enc.dfu
File: ot1enc.dfu 2008/04/05 v1.1m UTF-8 support for inputenc
   defining Unicode char U+00A1 (decimal 161)
   defining Unicode char U+00A3 (decimal 163)
   defining Unicode char U+00B8 (decimal 184)
   defining Unicode char U+00BF (decimal 191)
   defining Unicode char U+00C5 (decimal 197)
   defining Unicode char U+00C6 (decimal 198)
   defining Unicode char U+00D8 (decimal 216)
   defining Unicode char U+00DF (decimal 223)
   defining Unicode char U+00E6 (decimal 230)
   defining Unicode char U+00EC (decimal 236)
   defining Unicode char U+00ED (decimal 237)
   defining Unicode char U+00EE (decimal 238)
   defining Unicode char U+00EF (decimal 239)
   defining Unicode char U+00F8 (decimal 248)
   defining Unicode char U+0131 (decimal 305)
   defining Unicode char U+0141 (decimal 321)
   defining Unicode char U+0142 (decimal 322)
   defining Unicode char U+0152 (decimal 338)
   defining Unicode char U+0153 (decimal 339)
   defining Unicode char U+2013 (decimal 8211)
   defining Unicode char U+2014 (decimal 8212)
   defining Unicode char U+2018 (decimal 8216)
   defining Unicode char U+2019 (decimal 8217)
   defining Unicode char U+201C (decimal 8220)
   defining Unicode char U+201D (decimal 8221)
)
Now handling font encoding OMS ...
... processing UTF-8 mapping file for font encoding OMS

(/usr/share/texmf-dist/tex/latex/base/omsenc.dfu
File: omsenc.dfu 2008/04/05 v1.1m UTF-8 support for inputenc
   defining Unicode char U+00A7 (decimal 167)
   defining Unicode char U+00B6 (decimal 182)
   defining Unicode char U+00B7 (decimal 183)
   defining Unicode char U+2020 (decimal 8224)
   defining Unicode char U+2021 (decimal 8225)
   defining Unicode char U+2022 (decimal 8226)
)
Now handling font encoding OMX ...
... no UTF-8 mapping file for font encoding OMX
Now handling font encoding U ...
... no UTF-8 mapping file for font encoding U
   defining Unicode char U+00A9 (decimal 169)
   defining Unicode char U+00AA (decimal 170)
   defining Unicode char U+00AE (decimal 174)
   defining Unicode char U+00BA (decimal 186)
   defining Unicode char U+02C6 (decimal 710)
   defining Unicode char U+02DC (decimal 732)
   defining Unicode char U+200C (decimal 8204)
   defining Unicode char U+2026 (decimal 8230)
   defining Unicode char U+2122 (decimal 8482)
   defining Unicode char U+2423 (decimal 9251)
))
(/usr/share/texmf-dist/tex/latex/base/fontenc.sty
Package: fontenc 2005/09/27 v1.99g Standard LaTeX package

(/usr/share/texmf-dist/tex/latex/base/t1enc.def
File: t1enc.def 2005/09/27 v1.99g Standard LaTeX file
LaTeX Font Info:    Redeclaring font encoding T1 on input line 43.
))
(/usr/share/texmf-dist/tex/generic/babel/babel.sty
Package: babel 2008/07/08 v3.8m The Babel package

(/usr/share/texmf-dist/tex/generic/babel/frenchb.ldf
Language: frenchb 2010/08/21 v2.5a French support from the babel system

(/usr/share/texmf-dist/tex/generic/babel/babel.def
File: babel.def 2008/07/08 v3.8m Babel common definitions
\babel@savecnt=\count87
\U@D=\dimen103
)
Package babel Info: Making : an active character on input line 234.
Package babel Info: Making ; an active character on input line 235.
Package babel Info: Making ! an active character on input line 236.
Package babel Info: Making ? an active character on input line 237.
\FB@Mht=\dimen104
\std@mcc=\count88
\dec@mcc=\count89
\parindentFFN=\dimen105

*************************************
* Local config file frenchb.cfg used
*
(/usr/share/texmf-dist/tex/generic/babel/frenchb.cfg)))
(/usr/share/texmf-dist/tex/latex/carlisle/scalefnt.sty)
(/usr/share/texmf-dist/tex/latex/graphics/keyval.sty
Package: keyval 1999/03/16 v1.13 key=value parser (DPC)
\KV@toks@=\toks16
)
(/usr/share/texmf-dist/tex/latex/preprint/fullpage.sty
Package: fullpage 1999/02/23 1.1 (PWD)
\FP@margin=\skip43
)
(/usr/share/texmf-dist/tex/latex/amsmath/amsmath.sty
Package: amsmath 2000/07/18 v2.13 AMS math features
\@mathmargin=\skip44

For additional information on amsmath, use the `?' option.
(/usr/share/texmf-dist/tex/latex/amsmath/amstext.sty
Package: amstext 2000/06/29 v2.01

(/usr/share/texmf-dist/tex/latex/amsmath/amsgen.sty
File: amsgen.sty 1999/11/30 v2.0
\@emptytoks=\toks17
\ex@=\dimen106
))
(/usr/share/texmf-dist/tex/latex/amsmath/amsbsy.sty
Package: amsbsy 1999/11/29 v1.2d
\pmbraise@=\dimen107
)
(/usr/share/texmf-dist/tex/latex/amsmath/amsopn.sty
Package: amsopn 1999/12/14 v2.01 operator names
)
\inf@bad=\count90
LaTeX Info: Redefining \frac on input line 211.
\uproot@=\count91
\leftroot@=\count92
LaTeX Info: Redefining \overline on input line 307.
\classnum@=\count93
\DOTSCASE@=\count94
LaTeX Info: Redefining \ldots on input line 379.
LaTeX Info: Redefining \dots on input line 382.
LaTeX Info: Redefining \cdots on input line 467.
\Mathstrutbox@=\box26
\strutbox@=\box27
\big@size=\dimen108
LaTeX Font Info:    Redeclaring font encoding OML on input line 567.
LaTeX Font Info:    Redeclaring font encoding OMS on input line 568.
\macc@depth=\count95
\c@MaxMatrixCols=\count96
\dotsspace@=\muskip10
\c@parentequation=\count97
\dspbrk@lvl=\count98
\tag@help=\toks18
\row@=\count99
\column@=\count100
\maxfields@=\count101
\andhelp@=\toks19
\eqnshift@=\dimen109
\alignsep@=\dimen110
\tagshift@=\dimen111
\tagwidth@=\dimen112
\totwidth@=\dimen113
\lineht@=\dimen114
\@envbody=\toks20
\multlinegap=\skip45
\multlinetaggap=\skip46
\mathdisplay@stack=\toks21
LaTeX Info: Redefining \[ on input line 2666.
LaTeX Info: Redefining \] on input line 2667.
)
(/usr/share/texmf-dist/tex/latex/amsfonts/amsfonts.sty
Package: amsfonts 2009/06/22 v3.00 Basic AMSFonts support
\symAMSa=\mathgroup4
\symAMSb=\mathgroup5
LaTeX Font Info:    Overwriting math alphabet `\mathfrak' in version `bold'
(Font)                  U/euf/m/n --> U/euf/b/n on input line 96.
)
(/usr/share/texmf-dist/tex/latex/amsfonts/amssymb.sty
Package: amssymb 2009/06/22 v3.00
)
(/usr/share/texmf-dist/tex/latex/graphics/color.sty
Package: color 2005/11/14 v1.0j Standard LaTeX Color (DPC)

(/usr/share/texmf-dist/tex/latex/latexconfig/color.cfg
File: color.cfg 2007/01/18 v1.5 color configuration of teTeX/TeXLive
)
Package color Info: Driver file: pdftex.def on input line 130.

(/usr/share/texmf-dist/tex/latex/pdftex-def/pdftex.def
File: pdftex.def 2011/05/27 v0.06d Graphics/color for pdfTeX

(/usr/share/texmf-dist/tex/generic/oberdiek/infwarerr.sty
Package: infwarerr 2010/04/08 v1.3 Providing info/warning/error messages (HO)
)
(/usr/share/texmf-dist/tex/generic/oberdiek/ltxcmds.sty
Package: ltxcmds 2011/11/09 v1.22 LaTeX kernel commands for general use (HO)
)
\Gread@gobject=\count102
))
(/usr/share/texmf-dist/tex/latex/titlesec/titlesec.sty
Package: titlesec 2011/12/15 v2.10.0 Sectioning titles
\ttl@box=\box28
\beforetitleunit=\skip47
\aftertitleunit=\skip48
\ttl@plus=\dimen115
\ttl@minus=\dimen116
\ttl@toksa=\toks22
\titlewidth=\dimen117
\titlewidthlast=\dimen118
\titlewidthfirst=\dimen119
)
(/usr/share/texmf-dist/tex/latex/tools/varioref.sty
Package: varioref 2011/10/02 v1.4z package for extended references (FMi)
\c@vrcnt=\count103
)
(/usr/share/texmf-dist/tex/latex/graphics/graphicx.sty
Package: graphicx 1999/02/16 v1.0f Enhanced LaTeX Graphics (DPC,SPQR)

(/usr/share/texmf-dist/tex/latex/graphics/graphics.sty
Package: graphics 2009/02/05 v1.0o Standard LaTeX Graphics (DPC,SPQR)

(/usr/share/texmf-dist/tex/latex/graphics/trig.sty
Package: trig 1999/03/16 v1.09 sin cos tan (DPC)
)
(/usr/share/texmf-dist/tex/latex/latexconfig/graphics.cfg
File: graphics.cfg 2010/04/23 v1.9 graphics configuration of TeX Live
)
Package graphics Info: Driver file: pdftex.def on input line 91.
)
\Gin@req@height=\dimen120
\Gin@req@width=\dimen121
)
(/usr/share/texmf-dist/tex/latex/subfig/subfig.sty
Package: subfig 2005/06/28 ver: 1.3 subfig package

(/usr/share/texmf-dist/tex/latex/caption/caption.sty
Package: caption 2012/02/19 v3.2f Customizing captions (AR)

(/usr/share/texmf-dist/tex/latex/caption/caption3.sty
Package: caption3 2012/01/12 v1.4b caption3 kernel (AR)
\captionmargin=\dimen122
\captionmargin@=\dimen123
\captionwidth=\dimen124
\caption@indent=\dimen125
\caption@parindent=\dimen126
\caption@hangindent=\dimen127
)
\c@ContinuedFloat=\count104
)
\c@KVtest=\count105
\sf@farskip=\skip49
\sf@captopadj=\dimen128
\sf@capskip=\skip50
\sf@nearskip=\skip51
\c@subfigure=\count106
\c@subfigure@save=\count107
\c@lofdepth=\count108
\c@subtable=\count109
\c@subtable@save=\count110
\c@lotdepth=\count111
\sf@top=\skip52
\sf@bottom=\skip53
)
\c@thm=\count112
\c@rmq=\count113
\c@lem=\count114
\c@pr=\count115
\caslength=\skip54
\methodebox=\box29
\c@exempletheoreme=\count116
\c@definitiontheoreme=\count117
)
(/usr/share/texmf-dist/tex/latex/minted/minted.sty
Package: minted 2011/09/17 v1.7 Yet another Pygments shim for LaTeX

(/usr/share/texmf-dist/tex/latex/fancyvrb/fancyvrb.sty
Package: fancyvrb 2008/02/07

Style option: `fancyvrb' v2.7a, with DG/SPQR fixes, and firstline=lastline fix 
<2008/02/07> (tvz)
\FV@CodeLineNo=\count118
\FV@InFile=\read1
\FV@TabBox=\box30
\c@FancyVerbLine=\count119
\FV@StepNumber=\count120
\FV@OutFile=\write3
) (/usr/share/texmf-site/tex/latex/xcolor/xcolor.sty
Package: xcolor 2007/01/21 v2.11 LaTeX color extensions (UK)

(/usr/share/texmf-dist/tex/latex/latexconfig/color.cfg
File: color.cfg 2007/01/18 v1.5 color configuration of teTeX/TeXLive
)
Package xcolor Info: Driver file: pdftex.def on input line 225.
LaTeX Info: Redefining \color on input line 702.
Package xcolor Info: Model `cmy' substituted by `cmy0' on input line 1337.
Package xcolor Info: Model `hsb' substituted by `rgb' on input line 1341.
Package xcolor Info: Model `RGB' extended on input line 1353.
Package xcolor Info: Model `HTML' substituted by `rgb' on input line 1355.
Package xcolor Info: Model `Hsb' substituted by `hsb' on input line 1356.
Package xcolor Info: Model `tHsb' substituted by `hsb' on input line 1357.
Package xcolor Info: Model `HSB' substituted by `hsb' on input line 1358.
Package xcolor Info: Model `Gray' substituted by `gray' on input line 1359.
Package xcolor Info: Model `wave' substituted by `hsb' on input line 1360.
)
(/usr/share/texmf-dist/tex/latex/float/float.sty
Package: float 2001/11/08 v1.3d Float enhancements (AL)
\c@float@type=\count121
\float@exts=\toks23
\float@box=\box31
\@float@everytoks=\toks24
\@floatcapt=\box32
)
(/usr/share/texmf-dist/tex/latex/base/ifthen.sty
Package: ifthen 2001/05/26 v1.1c Standard LaTeX ifthen package (DPC)
)
(/usr/share/texmf-dist/tex/latex/tools/calc.sty
Package: calc 2007/08/22 v4.3 Infix arithmetic (KKT,FJ)
\calc@Acount=\count122
\calc@Bcount=\count123
\calc@Adimen=\dimen129
\calc@Bdimen=\dimen130
\calc@Askip=\skip55
\calc@Bskip=\skip56
LaTeX Info: Redefining \setlength on input line 76.
LaTeX Info: Redefining \addtolength on input line 77.
\calc@Ccount=\count124
\calc@Cskip=\skip57
)
(/usr/share/texmf-dist/tex/latex/ifplatform/ifplatform.sty
Package: ifplatform 2010/10/22 v0.4 Testing for the operating system

(/usr/share/texmf-dist/tex/generic/oberdiek/pdftexcmds.sty
Package: pdftexcmds 2011/11/29 v0.20 Utility functions of pdfTeX for LuaTeX (HO
)

(/usr/share/texmf-dist/tex/generic/oberdiek/ifluatex.sty
Package: ifluatex 2010/03/01 v1.3 Provides the ifluatex switch (HO)
Package ifluatex Info: LuaTeX not detected.
)
(/usr/share/texmf-dist/tex/generic/oberdiek/ifpdf.sty
Package: ifpdf 2011/01/30 v2.3 Provides the ifpdf switch (HO)
Package ifpdf Info: pdfTeX in PDF mode is detected.
)
Package pdftexcmds Info: LuaTeX not detected.
Package pdftexcmds Info: \pdf@primitive is available.
Package pdftexcmds Info: \pdf@ifprimitive is available.
Package pdftexcmds Info: \pdfdraftmode found.
)
(/usr/share/texmf-dist/tex/generic/oberdiek/catchfile.sty
Package: catchfile 2011/03/01 v1.6 Catch the contents of a file (HO)

(/usr/share/texmf-dist/tex/generic/oberdiek/etexcmds.sty
Package: etexcmds 2011/02/16 v1.5 Avoid name clashes with e-TeX commands (HO)
Package etexcmds Info: Could not find \expanded.
(etexcmds)             That can mean that you are not using pdfTeX 1.50 or
(etexcmds)             that some package has redefined \expanded.
(etexcmds)             In the latter case, load this package earlier.
))
runsystem(uname -s > "CompteRendu.w18")...executed.

 (./CompteRendu.w18)
runsystem(rm -- "CompteRendu.w18")...executed.

)
\minted@bgbox=\box33
\minted@code=\write4
\@float@every@listing=\toks25
\c@listing=\count125
)
runsystem(which pygmentize && touch CompteRendu.aex)...executed.

runsystem(rm CompteRendu.aex)...executed.

 (/usr/share/texmf-dist/tex/latex/tools/verbatim.sty
Package: verbatim 2003/08/22 v1.5q LaTeX2e package for verbatim enhancements
\every@verbatim=\toks26
\verbatim@line=\toks27
\verbatim@in@stream=\read2
)
\@indexfile=\write5
\openout5 = `CompteRendu.idx'.


Writing index file CompteRendu.idx
(./CompteRendu.aux (./page_garde.aux) (./partie_introduction.aux)
(./partie_description_hdfs.aux) (./partie_description_mapreduce.aux)
(./partie_pre_requis_config.aux) (./partie_installation.aux)
(./partie_installation2.2.aux) (./parties_exemples.aux)
(./partie_conclusion.aux))
\openout1 = `CompteRendu.aux'.

LaTeX Font Info:    Checking defaults for OML/cmm/m/it on input line 9.
LaTeX Font Info:    ... okay on input line 9.
LaTeX Font Info:    Checking defaults for T1/cmr/m/n on input line 9.
LaTeX Font Info:    ... okay on input line 9.
LaTeX Font Info:    Checking defaults for OT1/cmr/m/n on input line 9.
LaTeX Font Info:    ... okay on input line 9.
LaTeX Font Info:    Checking defaults for OMS/cmsy/m/n on input line 9.
LaTeX Font Info:    ... okay on input line 9.
LaTeX Font Info:    Checking defaults for OMX/cmex/m/n on input line 9.
LaTeX Font Info:    ... okay on input line 9.
LaTeX Font Info:    Checking defaults for U/cmr/m/n on input line 9.
LaTeX Font Info:    ... okay on input line 9.
LaTeX Info: Redefining \degres on input line 9.
LaTeX Info: Redefining \dots on input line 9.
LaTeX Info: Redefining \up on input line 9.

(/usr/share/texmf-dist/tex/context/base/supp-pdf.mkii
[Loading MPS to PDF converter (version 2006.09.02).]
\scratchcounter=\count126
\scratchdimen=\dimen131
\scratchbox=\box34
\nofMPsegments=\count127
\nofMParguments=\count128
\everyMPshowfont=\toks28
\MPscratchCnt=\count129
\MPscratchDim=\dimen132
\MPnumerator=\count130
\makeMPintoPDFobject=\count131
\everyMPtoPDFconversion=\toks29
) (/usr/share/texmf-dist/tex/latex/oberdiek/epstopdf-base.sty
Package: epstopdf-base 2010/02/09 v2.5 Base part for package epstopdf

(/usr/share/texmf-dist/tex/latex/oberdiek/grfext.sty
Package: grfext 2010/08/19 v1.1 Manage graphics extensions (HO)

(/usr/share/texmf-dist/tex/generic/oberdiek/kvdefinekeys.sty
Package: kvdefinekeys 2011/04/07 v1.3 Define keys (HO)
))
(/usr/share/texmf-dist/tex/latex/oberdiek/kvoptions.sty
Package: kvoptions 2011/06/30 v3.11 Key value format for package options (HO)

(/usr/share/texmf-dist/tex/generic/oberdiek/kvsetkeys.sty
Package: kvsetkeys 2012/04/25 v1.16 Key value parser (HO)
))
Package grfext Info: Graphics extension search list:
(grfext)             [.png,.pdf,.jpg,.mps,.jpeg,.jbig2,.jb2,.PNG,.PDF,.JPG,.JPE
G,.JBIG2,.JB2,.eps]
(grfext)             \AppendGraphicsExtensions on input line 452.

(/usr/share/texmf-dist/tex/latex/latexconfig/epstopdf-sys.cfg
File: epstopdf-sys.cfg 2010/07/13 v1.3 Configuration of (r)epstopdf for TeX Liv
e
))
Package caption Info: Begin \AtBeginDocument code.
Package caption Info: subfig package v1.3 is loaded.
Package caption Info: float package is loaded.
Package caption Info: End \AtBeginDocument code.
runsystem(pygmentize -S default -f latex > CompteRendu.pyg)...executed.


(./CompteRendu.pyg)
\openout2 = `page_garde.aux'.

 (./page_garde.tex
<LogoSup.jpg, id=1, 227.4096pt x 225.4824pt>
File: LogoSup.jpg Graphic file (type jpg)
 <use LogoSup.jpg>
Package pdftex.def Info: LogoSup.jpg used on input line 5.
(pdftex.def)             Requested size: 68.2234pt x 67.64523pt.
LaTeX Font Info:    Try loading font information for U+msa on input line 9.

(/usr/share/texmf-dist/tex/latex/amsfonts/umsa.fd
File: umsa.fd 2009/06/22 v3.00 AMS symbols A
)
LaTeX Font Info:    Try loading font information for U+msb on input line 9.

(/usr/share/texmf-dist/tex/latex/amsfonts/umsb.fd
File: umsb.fd 2009/06/22 v3.00 AMS symbols B
)
Overfull \hbox (17.62482pt too wide) in paragraph at lines 1--22
[]$[]$ 
 []

) [1




{/var/lib/texmf/fonts/map/pdftex/updmap/pdftex.map} <./LogoSup.jpg>]
[2

] (./CompteRendu.toc

Package xcolor Warning: Incompatible color definition on input line 6.


Package xcolor Warning: Incompatible color definition on input line 7.


Package xcolor Warning: Incompatible color definition on input line 8.


Package xcolor Warning: Incompatible color definition on input line 9.


Package xcolor Warning: Incompatible color definition on input line 10.


Package xcolor Warning: Incompatible color definition on input line 12.


Package xcolor Warning: Incompatible color definition on input line 13.


Package xcolor Warning: Incompatible color definition on input line 27.


Package xcolor Warning: Incompatible color definition on input line 28.


Package xcolor Warning: Incompatible color definition on input line 29.


Overfull \hbox (2.99927pt too wide) detected at line 36
[]\T1/cmr/bx/n/12 VII[] 
 []


Package xcolor Warning: Incompatible color definition on input line 38.


Package xcolor Warning: Incompatible color definition on input line 39.


Package xcolor Warning: Incompatible color definition on input line 40.


Overfull \hbox (8.40073pt too wide) detected at line 41
[]\T1/cmr/bx/n/12 VIII[] 
 []

)
\tf@toc=\write6
\openout6 = `CompteRendu.toc'.

 [3] [4] [5]
\openout2 = `partie_introduction.aux'.

 (./partie_introduction.tex) [6

]
\openout2 = `partie_description_hdfs.aux'.

 (./partie_description_hdfs.tex

Package xcolor Warning: Incompatible color definition on input line 28.


Package xcolor Warning: Incompatible color definition on input line 33.


Package xcolor Warning: Incompatible color definition on input line 38.

[7


]

Package xcolor Warning: Incompatible color definition on input line 44.


Package xcolor Warning: Incompatible color definition on input line 49.


Package xcolor Warning: Incompatible color definition on input line 69.


Package xcolor Warning: Incompatible color definition on input line 73.

) [8]
\openout2 = `partie_description_mapreduce.aux'.

 (./partie_description_mapreduce.tex) [9


]
\openout2 = `partie_pre_requis_config.aux'.

 (./partie_pre_requis_config.tex
LaTeX Font Info:    Try loading font information for T1+cmtt on input line 26.

(/usr/share/texmf-dist/tex/latex/base/t1cmtt.fd
File: t1cmtt.fd 1999/05/25 v2.5h Standard LaTeX font definitions
) [10


]
Overfull \hbox (34.738pt too wide) in paragraph at lines 51--51
[]\T1/cmtt/m/n/12 80:37:49:f6:47:35:d1:86:85:00:39:d1:f0:8e:d3:8a Hadoop@Ordina
teur-ThiDiff.local[] 
 []


Overfull \hbox (47.08499pt too wide) in paragraph at lines 72--72
[]\T1/cmtt/m/n/12 ordinatrthidiff:~ Hadoop$ cat $HOME/.ssh/id_rsa.pub >> $HOME/
.ssh/authorized_keys[] 
 []

[11]) [12]
\openout2 = `partie_installation.aux'.

 (./partie_installation.tex [13


]

Package xcolor Warning: Incompatible color definition on input line 96.

[14]

Package xcolor Warning: Incompatible color definition on input line 127.


Package xcolor Warning: Incompatible color definition on input line 142.

[15]
Overfull \hbox (491.57645pt too wide) in paragraph at lines 173--173
[]\T1/cmtt/m/n/12 STARTUP_MSG:   build = https://svn.apache.org/repos/asf/hadoo
p/common/branches/branch-1.2 -r 1503152; compiled by 'mattf' on Mon Jul 22 15:2
3:09 PDT 2013[] 
 []


Overfull \hbox (77.95245pt too wide) in paragraph at lines 181--181
[]\T1/cmtt/m/n/12 2014-06-01 00:18:35.649 java[10479:1b03] Unable to load realm
 info from SCDynamicStore[] 
 []


Overfull \hbox (16.21753pt too wide) in paragraph at lines 185--185
[]\T1/cmtt/m/n/12 14/06/01 00:18:36 INFO namenode.FSNamesystem: dfs.block.inval
idate.limit=100[] 
 []


Overfull \hbox (380.45358pt too wide) in paragraph at lines 186--186
[]\T1/cmtt/m/n/12 14/06/01 00:18:36 INFO namenode.FSNamesystem: isAccessTokenEn
abled=false accessKeyUpdateInterval=0 min(s), accessTokenLifetime=0 min(s)[] 
 []

[16]
Overfull \hbox (59.43198pt too wide) in paragraph at lines 187--187
[]\T1/cmtt/m/n/12 14/06/01 00:18:36 INFO namenode.FSEditLog: dfs.namenode.edits
.toleration.length = 0[] 
 []


Overfull \hbox (90.29944pt too wide) in paragraph at lines 188--188
[]\T1/cmtt/m/n/12 14/06/01 00:18:36 INFO namenode.NameNode: Caching file names 
occuring more than 10 times[] 
 []


Overfull \hbox (337.23914pt too wide) in paragraph at lines 189--189
[]\T1/cmtt/m/n/12 14/06/01 00:18:38 INFO common.Storage: Image file /app/hadoop
/tmp/dfs/name/current/fsimage of size 112 bytes saved in 0 seconds.[] 
 []


Overfull \hbox (281.6777pt too wide) in paragraph at lines 190--190
[]\T1/cmtt/m/n/12 14/06/01 00:18:38 INFO namenode.FSEditLog: closing edit log: 
position=4, editlog=/app/hadoop/tmp/dfs/name/current/edits[] 
 []


Overfull \hbox (281.6777pt too wide) in paragraph at lines 191--191
[]\T1/cmtt/m/n/12 14/06/01 00:18:38 INFO namenode.FSEditLog: close success: tru
ncate to 4, editlog=/app/hadoop/tmp/dfs/name/current/edits[] 
 []


Overfull \hbox (250.81024pt too wide) in paragraph at lines 192--192
[]\T1/cmtt/m/n/12 14/06/01 00:18:38 INFO common.Storage: Storage directory /app
/hadoop/tmp/dfs/name has been successfully formatted.[] 
 []


Overfull \hbox (201.4223pt too wide) in paragraph at lines 214--214
[]\T1/cmtt/m/n/12 starting namenode, logging to /usr/local/hadoop/libexec/../lo
gs/hadoop-Hadoop-namenode-ordinatrthidiff.out[] 
 []


Overfull \hbox (269.33072pt too wide) in paragraph at lines 215--215
[]\T1/cmtt/m/n/12 localhost: starting datanode, logging to /usr/local/hadoop/li
bexec/../logs/hadoop-Hadoop-datanode-ordinatrthidiff.out[] 
 []


Overfull \hbox (380.45358pt too wide) in paragraph at lines 216--216
[]\T1/cmtt/m/n/12 localhost: starting secondarynamenode, logging to /usr/local/
hadoop/libexec/../logs/hadoop-Hadoop-secondarynamenode-ordinatrthidiff.out[] 
 []


Overfull \hbox (226.11627pt too wide) in paragraph at lines 217--217
[]\T1/cmtt/m/n/12 starting jobtracker, logging to /usr/local/hadoop/libexec/../
logs/hadoop-Hadoop-jobtracker-ordinatrthidiff.out[] 
 []


Overfull \hbox (306.37167pt too wide) in paragraph at lines 218--218
[]\T1/cmtt/m/n/12 localhost: starting tasktracker, logging to /usr/local/hadoop
/libexec/../logs/hadoop-Hadoop-tasktracker-ordinatrthidiff.out[] 
 []

[17]) [18]
\openout2 = `partie_installation2.2.aux'.

 (./partie_installation2.2.tex
<images/yarn.png, id=72, 861.2175pt x 360.34625pt>
File: images/yarn.png Graphic file (type png)
 <use images/yarn.png>
Package pdftex.def Info: images/yarn.png used on input line 8.
(pdftex.def)             Requested size: 341.43306pt x 142.8603pt.

<images/connexion_supelec.png, id=73, 1193.16353pt x 510.14117pt>
File: images/connexion_supelec.png Graphic file (type png)

<use images/connexion_supelec.png>
Package pdftex.def Info: images/connexion_supelec.png used on input line 26.
(pdftex.def)             Requested size: 455.24408pt x 194.64185pt.

Overfull \hbox (2.27618pt too wide) in paragraph at lines 26--27
 [][] 
 []


LaTeX Warning: `!h' float specifier changed to `!ht'.

\openout3 = `CompteRendu.pyg'.

runsystem(pygmentize -l bash -f latex -F tokenmerge      -P mathescape      -P 
linenos -P "verboptions= ,frame=single" -o CompteRendu.out.pyg CompteRendu.pyg)
...executed.

(./CompteRendu.out.pyg
LaTeX Font Info:    Font shape `T1/cmtt/bx/n' in size <12> not available
(Font)              Font shape `T1/cmtt/m/n' tried instead on input line 2.
)
runsystem(rm CompteRendu.out.pyg)...executed.

runsystem(rm CompteRendu.pyg)...executed.

 [19


 <./images/yarn.png>]
\openout3 = `CompteRendu.pyg'.

runsystem(pygmentize -l bash -f latex -F tokenmerge      -P mathescape      -P 
linenos -P "verboptions= ,frame=single" -o CompteRendu.out.pyg CompteRendu.pyg)
...executed.

 (./CompteRendu.out.pyg)
runsystem(rm CompteRendu.out.pyg)...executed.

runsystem(rm CompteRendu.pyg)...executed.

\openout3 = `CompteRendu.pyg'.

runsystem(pygmentize -l bash -f latex -F tokenmerge             -P "verboptions
= " -o CompteRendu.out.pyg CompteRendu.pyg)...executed.


(./CompteRendu.out.pyg)
runsystem(rm CompteRendu.out.pyg)...executed.

runsystem(rm CompteRendu.pyg)...executed.

\openout3 = `CompteRendu.pyg'.

runsystem(pygmentize -l bash -f latex -F tokenmerge             -P "verboptions
= " -o CompteRendu.out.pyg CompteRendu.pyg)...executed.

 (./CompteRendu.out.pyg)
runsystem(rm CompteRendu.out.pyg)...executed.

runsystem(rm CompteRendu.pyg)...executed.

\openout3 = `CompteRendu.pyg'.

runsystem(pygmentize -l bash -f latex -F tokenmerge             -P "verboptions
= " -o CompteRendu.out.pyg CompteRendu.pyg)...executed.

 (./CompteRendu.out.pyg)
runsystem(rm CompteRendu.out.pyg)...executed.

runsystem(rm CompteRendu.pyg)...executed.


Overfull \hbox (28.56451pt too wide) in paragraph at lines 75--75
[]\T1/cmtt/m/n/12 Enter file in which to save the key (/home/alexandre/.ssh/id_
rsa): id_rsa_test[] 
 []

[20 <./images/connexion_supelec.png>]
! Missing $ inserted.
<inserted text> 
                $
l.116 ...ns le fichier \texttt{~/.ssh/known_hosts}
                                                  ).
I've inserted a begin-math/end-math symbol since I think
you left one out. Proceed, with fingers crossed.

! Extra }, or forgotten $.
<recently read> \egroup 
                        
l.116 ...ns le fichier \texttt{~/.ssh/known_hosts}
                                                  ).
I've deleted a group-closing symbol because it seems to be
spurious, as in `$x}$'. But perhaps the } is legitimate and
you forgot something else, as in `\hbox{$x}'. In such cases
the way to recover is to insert both the forgotten and the
deleted material, e.g., by typing `I$}'.

! Missing $ inserted.
<inserted text> 
                $
l.117 
      
I've inserted a begin-math/end-math symbol since I think
you left one out. Proceed, with fingers crossed.

) [21]
\openout2 = `parties_exemples.aux'.

 (./parties_exemples.tex

LaTeX Font Warning: Font shape `T1/cmtt/bx/sc' undefined
(Font)              using `T1/cmtt/bx/n' instead on input line 1.

LaTeX Font Info:    Font shape `T1/cmtt/bx/sc' in size <20.74> not available
(Font)              Font shape `T1/cmtt/m/n' tried instead on input line 1.

Overfull \hbox (15.32187pt too wide) in paragraph at lines 3--4
[]\T1/cmtt/m/n/12 La configuration Hadoop fournit des exemples plus ou moins co
mplexes dans
 []


Overfull \hbox (59.43198pt too wide) in paragraph at lines 3--4
\T1/cmtt/m/n/12 le but de se familiariser avec cet environnement. A titre d'exe
mple, dans l'archive
 []


Overfull \hbox (10.04404pt too wide) in paragraph at lines 3--4
\T1/cmtt/m/n/12 hadoop-examples-1.2.1.jar nous retrouvons l'algorithme MapReduc
e permettant
 []


Overfull \hbox (10.96632pt too wide) in paragraph at lines 3--4
\T1/cmtt/m/n/12 d'estimer la valeur de $\OML/cmm/m/it/12 ^^Y$\T1/cmtt/m/n/12 . 
Afin de mieux comprendre le patron d'architecture
 []

LaTeX Font Info:    Font shape `T1/cmtt/bx/sc' in size <12> not available
(Font)              Font shape `T1/cmtt/m/n' tried instead on input line 5.
LaTeX Font Info:    Font shape `T1/cmtt/bx/sc' in size <14.4> not available
(Font)              Font shape `T1/cmtt/m/n' tried instead on input line 5.

Overfull \hbox (2.97488pt too wide) in paragraph at lines 7--8
[]\T1/cmtt/m/n/12 Dans le cadre de l'électif STAGVOD (\T1/cmtt/m/it/12 Stockage
 et accès à de gros volumes
 []


Overfull \hbox (12.12686pt too wide) in paragraph at lines 7--8
\T1/cmtt/m/it/12 de données\T1/cmtt/m/n/12 ) nous avons été une première fois i
nitiés à Hadoop. L'enseignant
 []


Overfull \hbox (53.25848pt too wide) in paragraph at lines 7--8
\T1/cmtt/m/n/12 s'est particulièrement intéressé à l'algorithme MapReduce perme
ttant de multiplier
 []


Overfull \hbox (16.21753pt too wide) in paragraph at lines 7--8
\T1/cmtt/m/n/12 deux matrices qui est un très bon exemple de compréhension du f
onctionnement
 []


Overfull \hbox (49.16782pt too wide) in paragraph at lines 7--8
\T1/cmtt/m/n/12 des méthodes \T1/cmtt/m/it/12 map \T1/cmtt/m/n/12 et \T1/cmtt/m
/it/12 reduce\T1/cmtt/m/n/12 . Vous trouverez en annexe le fichier Mm.java cont
enant
 []


Package xcolor Warning: Incompatible color definition on input line 9.

LaTeX Font Info:    Font shape `T1/cmtt/bx/it' in size <12> not available
(Font)              Font shape `T1/cmtt/m/it' tried instead on input line 9.

Overfull \hbox (11.2312pt too wide) in paragraph at lines 11--12
[]\T1/cmtt/m/it/12 map \T1/cmtt/m/n/12 prend comme entrée un fichier contenant 
les matrices. Compte tenu de
 []


Overfull \hbox (16.21753pt too wide) in paragraph at lines 11--12
\T1/cmtt/m/n/12 l'implémentation de l'algorithme, il est indispensable que fich
ier en entrée
 []

\openout3 = `CompteRendu.pyg'.

runsystem(pygmentize -l java -f latex -F tokenmerge      -P mathescape      -P 
linenos -P "verboptions= ,frame=single" -o CompteRendu.out.pyg CompteRendu.pyg)
...executed.

(./CompteRendu.out.pyg)
runsystem(rm CompteRendu.out.pyg)...executed.

runsystem(rm CompteRendu.pyg)...executed.


Overfull \hbox (27.66885pt too wide) in paragraph at lines 38--39
[]\T1/cmtt/m/n/12 Tout d'abord il est essentiel d'initialiser la configuration 
où le contexte
 []


Overfull \hbox (34.738pt too wide) in paragraph at lines 38--39
\T1/cmtt/m/n/12 viendra puiser ses données en précisant la taille des matrices.
 Par conséquent,
 []


Overfull \hbox (3.87054pt too wide) in paragraph at lines 38--39
\T1/cmtt/m/n/12 à chaque changement de matrices, il faudra à nouveau définir la
 taille des
 []


Overfull \hbox (9.14838pt too wide) in paragraph at lines 40--41
[]\T1/cmtt/m/n/12 Le reste de la fonction définit les chemins vers les fichiers
 .class des
 []


Overfull \hbox (12.12686pt too wide) in paragraph at lines 40--41
\T1/cmtt/m/n/12 fonctions \T1/cmtt/m/it/12 map \T1/cmtt/m/n/12 et \T1/cmtt/m/it
/12 reduce\T1/cmtt/m/n/12 , les formats de la paire (clé, valeur) ainsi que le
 []

[22


]

Package xcolor Warning: Incompatible color definition on input line 42.


Overfull \hbox (17.4047pt too wide) in paragraph at lines 44--56
[]\T1/cmtt/m/n/12 Le fichier texte en entrée sera d'abord traité par cette fonc
tion. \T1/cmtt/m/it/12 map \T1/cmtt/m/n/12 le
 []


Overfull \hbox (3.87054pt too wide) in paragraph at lines 44--56
\T1/cmtt/m/n/12 lit ligne par ligne le fichier et pour chaque ligne s'exécute u
ne fois. Ce
 []


Overfull \hbox (22.39102pt too wide) in paragraph at lines 44--56
\T1/cmtt/m/n/12 fichier est dans un premier temps splitté au caractère ":" et l
a lettre A est
 []


Overfull \hbox (28.56451pt too wide) in paragraph at lines 44--56
\T1/cmtt/m/n/12 stockée dans matStruc[0] et les coefficients de cette matrice d
ans matStrut[1]
 []


Overfull \hbox (34.738pt too wide) in paragraph at lines 44--56
\T1/cmtt/m/n/12 (valable pour B aussi). A partir de là, un nouveau tableau, mat
Lines, contenant
 []


Underfull \hbox (badness 10000) in paragraph at lines 44--56

 []


Overfull \hbox (2.97488pt too wide) in paragraph at lines 57--58
[]\T1/cmtt/m/n/12 Selon que ce soit la matrice A ou B, un traitement différent 
est opéré.
 []


Overfull \hbox (10.04404pt too wide) in paragraph at lines 57--58
\T1/cmtt/m/n/12 En effet, dans le produit de matrices C=A*B, les coefficients d
e A et B mis
 []


Overfull \hbox (10.04404pt too wide) in paragraph at lines 57--58
\T1/cmtt/m/n/12 en jeu dans le calcul du coefficient (i,j) de C ne sont pas les
 mêmes. D'où
 []


Overfull \hbox (15.32187pt too wide) in paragraph at lines 59--60
[]\T1/cmtt/m/n/12 Que ce soit pour A ou B, les tableaux à double entrée créés a
u début sont
 []


Overfull \hbox (47.08499pt too wide) in paragraph at lines 59--60
\T1/cmtt/m/n/12 remplis avec la valeur des coefficients des matrices correspond
antes. (A[0][0]=0,
 []


Overfull \hbox (47.08499pt too wide) in paragraph at lines 59--60
\T1/cmtt/m/n/12 A[0][1]=1, etc...). Le reste du code se charge de créer les pai
res (clé, valeur).
 []


Overfull \hbox (10.04404pt too wide) in paragraph at lines 59--60
\T1/cmtt/m/n/12 La clé correspond au coefficient de la matrice C. La valeur cor
respond à un
 []


Underfull \hbox (badness 10000) in paragraph at lines 59--60

 []


Underfull \hbox (badness 10000) in paragraph at lines 61--62

 []

! Missing $ inserted.
<inserted text> 
                $
l.63 (C_
        0_0, (A,0,A[0][0]))  (C_1_0, (A,0,A[1][0]))\\
I've inserted a begin-math/end-math symbol since I think
you left one out. Proceed, with fingers crossed.

! Double subscript.
l.63 (C_0_
          0, (A,0,A[0][0]))  (C_1_0, (A,0,A[1][0]))\\
I treat `x_1_2' essentially like `x_1{}_2'.

! Double subscript.
l.63 (C_0_0, (A,0,A[0][0]))  (C_1_
                                  0, (A,0,A[1][0]))\\
I treat `x_1_2' essentially like `x_1{}_2'.

! Double subscript.
l.64 (C_0_
          0, (A,1,A[0][1]))	(C_0_0, (A,1,A[1][1]))\\
I treat `x_1_2' essentially like `x_1{}_2'.

! Double subscript.
l.64 (C_0_0, (A,1,A[0][1]))	(C_0_
                                 0, (A,1,A[1][1]))\\
I treat `x_1_2' essentially like `x_1{}_2'.

! Double subscript.
l.65 (C_0_
          0, (A,2,A[0][2]))	(C_0_0, (A,2,A[1][2]))\\
I treat `x_1_2' essentially like `x_1{}_2'.

! Double subscript.
l.65 (C_0_0, (A,2,A[0][2]))	(C_0_
                                 0, (A,2,A[1][2]))\\
I treat `x_1_2' essentially like `x_1{}_2'.

! Double subscript.
l.66 (C_0_
          0, (A,3,A[0][3]))	(C_0_0, (A,3,A[1][3]))\\
I treat `x_1_2' essentially like `x_1{}_2'.

! Double subscript.
l.66 (C_0_0, (A,3,A[0][3]))	(C_0_
                                 0, (A,3,A[1][3]))\\
I treat `x_1_2' essentially like `x_1{}_2'.

! Double subscript.
l.67 (C_0_
          0, (A,4,A[0][4]))	(C_0_0, (A,4,A[1][4]))\\
I treat `x_1_2' essentially like `x_1{}_2'.

! Double subscript.
l.67 (C_0_0, (A,4,A[0][4]))	(C_0_
                                 0, (A,4,A[1][4]))\\
I treat `x_1_2' essentially like `x_1{}_2'.

! Missing $ inserted.
<inserted text> 
                $
l.68 
     
I've inserted a begin-math/end-math symbol since I think
you left one out. Proceed, with fingers crossed.


Underfull \hbox (badness 10000) in paragraph at lines 63--68

 []


Overfull \hbox (33.84235pt too wide) in paragraph at lines 69--70
[]\T1/cmtt/m/n/12 Le fichier mm_mapreduce_explication.txt contient l'ensemble d
es paires (clé,
 []


Package xcolor Warning: Incompatible color definition on input line 71.


Overfull \hbox (2.97488pt too wide) in paragraph at lines 73--74
[]\T1/cmtt/m/n/12 "mapper" les matrices revient à parser les coefficients des m
atrices en
 []


Overfull \hbox (3.87054pt too wide) in paragraph at lines 73--74
\T1/cmtt/m/n/12 leur faisant correspondre le coefficient de C dans lequel il es
t impliqué.
 []


Overfull \hbox (34.738pt too wide) in paragraph at lines 73--74
\T1/cmtt/m/n/12 A ce stade, l'ensemble des paires (clé, valeur) nécessaires à l
a multiplication
 []


Overfull \hbox (23.57819pt too wide) in paragraph at lines 75--76
[]\T1/cmtt/m/n/12 Le rôle de la fonction \T1/cmtt/m/it/12 reduce \T1/cmtt/m/n/1
2 est d'isoler la bonne ligne de A et la bonne
 []


Overfull \hbox (22.39102pt too wide) in paragraph at lines 75--76
\T1/cmtt/m/n/12 colonne de B auxquelles ont assigne la bonne clé. Elle va ainsi
 récupérer par
 []


Overfull \hbox (65.60547pt too wide) in paragraph at lines 75--76
\T1/cmtt/m/n/12 clé les lots de deux vecteurs (celui associé à A et celui assoc
ié à B) correspondant
 []


Overfull \hbox (22.39102pt too wide) in paragraph at lines 75--76
\T1/cmtt/m/n/12 à un élément scalaire de la matrice finale, puis multiplier deu
x à deux leurs
 []

[23]
Underfull \hbox (badness 10000) in paragraph at lines 77--78

 []

! Missing $ inserted.
<inserted text> 
                $
l.79     (C_
            0_0, (A,0,A[0][0]))   x   (C_0_0, (B,0,B[0][0]))\\
I've inserted a begin-math/end-math symbol since I think
you left one out. Proceed, with fingers crossed.

! Double subscript.
l.79     (C_0_
              0, (A,0,A[0][0]))   x   (C_0_0, (B,0,B[0][0]))\\
I treat `x_1_2' essentially like `x_1{}_2'.

! Double subscript.
l.79     (C_0_0, (A,0,A[0][0]))   x   (C_0_
                                           0, (B,0,B[0][0]))\\
I treat `x_1_2' essentially like `x_1{}_2'.

! Double subscript.
l.80  +  (C_0_
              0, (A,1,A[0][1]))   x   (C_0_0, (B,1,B[1][0]))\\
I treat `x_1_2' essentially like `x_1{}_2'.

! Double subscript.
l.80  +  (C_0_0, (A,1,A[0][1]))   x   (C_0_
                                           0, (B,1,B[1][0]))\\
I treat `x_1_2' essentially like `x_1{}_2'.

! Double subscript.
l.81  +  (C_0_
              0, (A,2,A[0][2]))   x   (C_0_0, (B,2,B[2][0]))\\
I treat `x_1_2' essentially like `x_1{}_2'.

! Double subscript.
l.81  +  (C_0_0, (A,2,A[0][2]))   x   (C_0_
                                           0, (B,2,B[2][0]))\\
I treat `x_1_2' essentially like `x_1{}_2'.

! Double subscript.
l.82  +  (C_0_
              0, (A,3,A[0][3]))   x   (C_0_0, (B,3,B[3][0]))\\
I treat `x_1_2' essentially like `x_1{}_2'.

! Double subscript.
l.82  +  (C_0_0, (A,3,A[0][3]))   x   (C_0_
                                           0, (B,3,B[3][0]))\\
I treat `x_1_2' essentially like `x_1{}_2'.

! Double subscript.
l.83  +  (C_0_
              0, (A,4,A[0][4]))   x   (C_0_0, (B,4,B[4][0]))\\
I treat `x_1_2' essentially like `x_1{}_2'.

! Double subscript.
l.83  +  (C_0_0, (A,4,A[0][4]))   x   (C_0_
                                           0, (B,4,B[4][0]))\\
I treat `x_1_2' essentially like `x_1{}_2'.

! Double subscript.
l.84  =	 C_0_
             0 final
I treat `x_1_2' essentially like `x_1{}_2'.

! Missing $ inserted.
<inserted text> 
                $
l.85 
     
I've inserted a begin-math/end-math symbol since I think
you left one out. Proceed, with fingers crossed.

! Missing $ inserted.
<inserted text> 
                $
l.86 ...nu se trouve en annexe sous le nom output_
                                                  matmult.txt.
I've inserted a begin-math/end-math symbol since I think
you left one out. Proceed, with fingers crossed.

! Missing $ inserted.
<inserted text> 
                $
l.87 
     
I've inserted a begin-math/end-math symbol since I think
you left one out. Proceed, with fingers crossed.


Overfull \hbox (2.97488pt too wide) in paragraph at lines 86--87
[]\T1/cmtt/m/n/12 Hadoop n'est pas du tout adapté au multiplication de matrices
. Ceci est
 []


Overfull \hbox (28.56451pt too wide) in paragraph at lines 86--87
\T1/cmtt/m/n/12 un exemple dans le but unique de comprendre l'algorithme MapRed
uce. Le fichier
 []

) [24]
\openout2 = `partie_conclusion.aux'.

 (./partie_conclusion.tex) [25


] (./CompteRendu.aux (./page_garde.aux)
(./partie_introduction.aux) (./partie_description_hdfs.aux)
(./partie_description_mapreduce.aux) (./partie_pre_requis_config.aux)
(./partie_installation.aux) (./partie_installation2.2.aux)
(./parties_exemples.aux) (./partie_conclusion.aux))

LaTeX Font Warning: Some font shapes were not available, defaults substituted.

 )
(\end occurred inside a group at level 1)

### simple group (level 1) entered at line 116 ({)
### bottom level 
Here is how much of TeX's memory you used:
 6561 strings out of 494993
 90874 string characters out of 3180573
 170704 words of memory out of 3000000
 9526 multiletter control sequences out of 15000+200000
 17808 words of font info for 48 fonts, out of 3000000 for 9000
 36 hyphenation exceptions out of 8191
 48i,7n,44p,1034b,342s stack positions out of 5000i,500n,10000p,200000b,50000s
{/usr/share/texmf-dist/fonts/enc/dvips/cm-super/cm-super-t1.enc
}</usr/share/texmf-dist/fonts/type1/public/amsfonts/cm/cmmi12.pfb></usr/share/t
exmf-dist/fonts/type1/public/amsfonts/cm/cmmi8.pfb></usr/share/texmf-dist/fonts
/type1/public/amsfonts/cm/cmr12.pfb></usr/share/texmf-dist/fonts/type1/public/a
msfonts/cm/cmr8.pfb></usr/share/texmf-dist/fonts/type1/public/cm-super/sfbx1200
.pfb></usr/share/texmf-dist/fonts/type1/public/cm-super/sfcc1200.pfb></usr/shar
e/texmf-dist/fonts/type1/public/cm-super/sfcc2074.pfb></usr/share/texmf-dist/fo
nts/type1/public/cm-super/sfit1200.pfb></usr/share/texmf-dist/fonts/type1/publi
c/cm-super/sfrm0600.pfb></usr/share/texmf-dist/fonts/type1/public/cm-super/sfrm
1200.pfb></usr/share/texmf-dist/fonts/type1/public/cm-super/sfrm1728.pfb></usr/
share/texmf-dist/fonts/type1/public/cm-super/sfrm2074.pfb></usr/share/texmf-dis
t/fonts/type1/public/cm-super/sfti1200.pfb></usr/share/texmf-dist/fonts/type1/p
ublic/cm-super/sftt1200.pfb></usr/share/texmf-dist/fonts/type1/public/cm-super/
sftt1440.pfb></usr/share/texmf-dist/fonts/type1/public/cm-super/sftt2074.pfb></
usr/share/texmf-dist/fonts/type1/public/cm-super/sfxc1440.pfb></usr/share/texmf
-dist/fonts/type1/public/cm-super/sfxc2074.pfb>
Output written on CompteRendu.pdf (25 pages, 454290 bytes).
PDF statistics:
 162 PDF objects out of 1000 (max. 8388607)
 112 compressed objects within 2 object streams
 0 named destinations out of 1000 (max. 500000)
 16 words of extra memory for PDF output out of 10000 (max. 10000000)

